Arguments: 
  /home/janvier/.nvm/versions/node/v16.13.1/bin/node /usr/local/bin/yarn login

PATH: 
  /home/janvier/.nvm/versions/node/v16.13.1/bin:/home/janvier/.cargo/bin:/usr/local/sbin:/usr/local/bin:/usr/sbin:/usr/bin:/sbin:/bin:/usr/games:/usr/local/games:/usr/lib/wsl/lib:/mnt/c/Program Files/Amazon Corretto/jdk11.0.12_7/bin:/mnt/c/Program Files (x86)/VMware/VMware Player/bin/:/mnt/c/Program Files/Python39/Scripts/:/mnt/c/Program Files/Python39/:/mnt/c/Windows/system32:/mnt/c/Windows:/mnt/c/Windows/System32/Wbem:/mnt/c/Windows/System32/WindowsPowerShell/v1.0/:/mnt/c/Windows/System32/OpenSSH/:/mnt/c/Program Files/Git/cmd:/mnt/c/Program Files/nodejs/:/mnt/c/ProgramData/chocolatey/bin:/mnt/c/Program Files/Go/bin:/mnt/c/Program Files/Docker/Docker/resources/bin:/mnt/c/ProgramData/DockerDesktop/version-bin:/mnt/c/Users/parfa/.poetry/bin:/mnt/c/Users/parfa/AppData/Local/Microsoft/WindowsApps:/mnt/c/Program Files/PostgreSQL/13/bin:/mnt/c/Users/parfa/AppData/Local/Programs/Hyper/resources/bin:/mnt/c/Users/parfa/.poetry/bin:/mnt/c/Users/parfa/AppData/Roaming/npm:/mnt/c/Users/parfa/AppData/Local/Programs/Microsoft VS Code/bin:/mnt/c/tools/dart-sdk/bin:/mnt/c/Users/parfa/AppData/Roaming/Pub/Cache/bin:/mnt/c/Users/parfa/flutter/bin:/mnt/c/Users/parfa/go/bin:/mnt/c/Users/parfa/AppData/Local/Google/Cloud SDK/google-cloud-sdk/bin:/mnt/c/Users/parfa/AppData/Local/Programs/Julia-1.6.3/bin:/mnt/c/Users/parfa/AppData/Local/atom/bin:/mnt/c/Program Files (x86)/mingw-w64/i686-8.1.0-posix-dwarf-rt_v6-rev0

Yarn version: 
  1.22.17

Node version: 
  16.13.1

Platform: 
  linux x64

Trace: 
  Error: canceled
      at Interface.<anonymous> (/usr/local/lib/node_modules/yarn/lib/cli.js:137143:13)
      at Interface.emit (node:events:390:28)
      at Interface._ttyWrite (node:readline:1081:16)
      at ReadStream.onkeypress (node:readline:288:10)
      at ReadStream.emit (node:events:390:28)
      at emitKeys (node:internal/readline/utils:358:14)
      at emitKeys.next (<anonymous>)
      at ReadStream.onData (node:internal/readline/emitKeypressEvents:61:36)
      at ReadStream.emit (node:events:390:28)
      at addChunk (node:internal/streams/readable:315:12)

npm manifest: 
  {
    "name": "burundi",
    "version": "1.0.0",
    "description": "Burundi provinces with names, short names and coordiantes.",
    "main": "lib/index.js",
    "scripts": {
      "tsc": "tsc"
    },
    "keywords": [
      "burundi",
      "provinces",
      "coordinates"
    ],
    "author": "Janvier Uwiragiye",
    "license": "MIT",
    "devDependencies": {
      "typescript": "^4.5.4"
    }
  }

yarn manifest: 
  No manifest

Lockfile: 
  # THIS IS AN AUTOGENERATED FILE. DO NOT EDIT THIS FILE DIRECTLY.
  # yarn lockfile v1
  
  
  typescript@^4.5.4:
    version "4.5.4"
    resolved "https://registry.yarnpkg.com/typescript/-/typescript-4.5.4.tgz#a17d3a0263bf5c8723b9c52f43c5084edf13c2e8"
    integrity sha512-VgYs2A2QIRuGphtzFV7aQJduJ2gyfTljngLzjpfW9FoYZF6xuw1W0vW9ghCKLfcWrCFxK81CSGRAvS1pn4fIUg==
